# JRE version: Java(TM) SE Runtime Environment (8.0_91-b14) (build 1.8.0_91-b14)
# Java VM: Java HotSpot(TM) 64-Bit Server VM (25.91-b14 mixed mode linux-amd64 compressed oops)
Heap:
 PSYoungGen      total 66048K, used 2553K [0x00000000eb800000, 0x00000000efb00000, 0x0000000100000000)
  eden space 63488K, 0% used [0x00000000eb800000,0x00000000eb800000,0x00000000ef600000)
  from space 2560K, 99% used [0x00000000ef600000,0x00000000ef87e720,0x00000000ef880000)
  to   space 2560K, 0% used [0x00000000ef880000,0x00000000ef880000,0x00000000efb00000)
 ParOldGen       total 42496K, used 28035K [0x00000000c2800000, 0x00000000c5180000, 0x00000000eb800000)
  object space 42496K, 65% used [0x00000000c2800000,0x00000000c4360da0,0x00000000c5180000)
 Metaspace       used 16423K, capacity 16768K, committed 16896K, reserved 1064960K
  class space    used 1877K, capacity 1986K, committed 2048K, reserved 1048576K
GC Heap History (9 events):
Event: 2,134 GC heap before
{Heap before GC invocations=1 (full 0):
 PSYoungGen      total 18432K, used 15872K [0x00000000eb800000, 0x00000000ecc80000, 0x0000000100000000)
  eden space 15872K, 100% used [0x00000000eb800000,0x00000000ec780000,0x00000000ec780000)
  from space 2560K, 0% used [0x00000000eca00000,0x00000000eca00000,0x00000000ecc80000)
  to   space 2560K, 0% used [0x00000000ec780000,0x00000000ec780000,0x00000000eca00000)
 ParOldGen       total 42496K, used 0K [0x00000000c2800000, 0x00000000c5180000, 0x00000000eb800000)
  object space 42496K, 0% used [0x00000000c2800000,0x00000000c2800000,0x00000000c5180000)
 Metaspace       used 9970K, capacity 10140K, committed 10240K, reserved 1058816K
  class space    used 1136K, capacity 1207K, committed 1280K, reserved 1048576K
Event: 2,162 GC heap after
Heap after GC invocations=1 (full 0):
 PSYoungGen      total 18432K, used 2544K [0x00000000eb800000, 0x00000000edc00000, 0x0000000100000000)
  eden space 15872K, 0% used [0x00000000eb800000,0x00000000eb800000,0x00000000ec780000)
  from space 2560K, 99% used [0x00000000ec780000,0x00000000ec9fc380,0x00000000eca00000)
  to   space 2560K, 0% used [0x00000000ed980000,0x00000000ed980000,0x00000000edc00000)
 ParOldGen       total 42496K, used 1580K [0x00000000c2800000, 0x00000000c5180000, 0x00000000eb800000)
  object space 42496K, 3% used [0x00000000c2800000,0x00000000c298b1c0,0x00000000c5180000)
 Metaspace       used 9970K, capacity 10140K, committed 10240K, reserved 1058816K
  class space    used 1136K, capacity 1207K, committed 1280K, reserved 1048576K
}
Event: 3,725 GC heap before
{Heap before GC invocations=2 (full 0):
 PSYoungGen      total 18432K, used 18416K [0x00000000eb800000, 0x00000000edc00000, 0x0000000100000000)
  eden space 15872K, 100% used [0x00000000eb800000,0x00000000ec780000,0x00000000ec780000)
  from space 2560K, 99% used [0x00000000ec780000,0x00000000ec9fc380,0x00000000eca00000)
  to   space 2560K, 0% used [0x00000000ed980000,0x00000000ed980000,0x00000000edc00000)
 ParOldGen       total 42496K, used 1580K [0x00000000c2800000, 0x00000000c5180000, 0x00000000eb800000)
  object space 42496K, 3% used [0x00000000c2800000,0x00000000c298b1c0,0x00000000c5180000)
 Metaspace       used 14351K, capacity 14656K, committed 14848K, reserved 1062912K
  class space    used 1632K, capacity 1756K, committed 1792K, reserved 1048576K
Event: 3,766 GC heap after
Heap after GC invocations=2 (full 0):
 PSYoungGen      total 34304K, used 2554K [0x00000000eb800000, 0x00000000edc00000, 0x0000000100000000)
  eden space 31744K, 0% used [0x00000000eb800000,0x00000000eb800000,0x00000000ed700000)
  from space 2560K, 99% used [0x00000000ed980000,0x00000000edbfe830,0x00000000edc00000)
  to   space 2560K, 0% used [0x00000000ed700000,0x00000000ed700000,0x00000000ed980000)
 ParOldGen       total 42496K, used 4418K [0x00000000c2800000, 0x00000000c5180000, 0x00000000eb800000)
  object space 42496K, 10% used [0x00000000c2800000,0x00000000c2c508c8,0x00000000c5180000)
 Metaspace       used 14351K, capacity 14656K, committed 14848K, reserved 1062912K
  class space    used 1632K, capacity 1756K, committed 1792K, reserved 1048576K
}
Event: 6,200 GC heap before
{Heap before GC invocations=3 (full 0):
 PSYoungGen      total 34304K, used 34298K [0x00000000eb800000, 0x00000000edc00000, 0x0000000100000000)
  eden space 31744K, 100% used [0x00000000eb800000,0x00000000ed700000,0x00000000ed700000)
  from space 2560K, 99% used [0x00000000ed980000,0x00000000edbfe830,0x00000000edc00000)
  to   space 2560K, 0% used [0x00000000ed700000,0x00000000ed700000,0x00000000ed980000)
 ParOldGen       total 42496K, used 4418K [0x00000000c2800000, 0x00000000c5180000, 0x00000000eb800000)
  object space 42496K, 10% used [0x00000000c2800000,0x00000000c2c508c8,0x00000000c5180000)
 Metaspace       used 16322K, capacity 16696K, committed 16896K, reserved 1064960K
  class space    used 1876K, capacity 1986K, committed 2048K, reserved 1048576K
Event: 6,243 GC heap after
Heap after GC invocations=3 (full 0):
 PSYoungGen      total 34304K, used 2540K [0x00000000eb800000, 0x00000000efb00000, 0x0000000100000000)
  eden space 31744K, 0% used [0x00000000eb800000,0x00000000eb800000,0x00000000ed700000)
  from space 2560K, 99% used [0x00000000ed700000,0x00000000ed97b250,0x00000000ed980000)
  to   space 2560K, 0% used [0x00000000ef880000,0x00000000ef880000,0x00000000efb00000)
 ParOldGen       total 42496K, used 12501K [0x00000000c2800000, 0x00000000c5180000, 0x00000000eb800000)
  object space 42496K, 29% used [0x00000000c2800000,0x00000000c3435680,0x00000000c5180000)
 Metaspace       used 16322K, capacity 16696K, committed 16896K, reserved 1064960K
  class space    used 1876K, capacity 1986K, committed 2048K, reserved 1048576K
}
Event: 7,727 GC heap before
{Heap before GC invocations=4 (full 0):
 PSYoungGen      total 34304K, used 34284K [0x00000000eb800000, 0x00000000efb00000, 0x0000000100000000)
  eden space 31744K, 100% used [0x00000000eb800000,0x00000000ed700000,0x00000000ed700000)
  from space 2560K, 99% used [0x00000000ed700000,0x00000000ed97b250,0x00000000ed980000)
  to   space 2560K, 0% used [0x00000000ef880000,0x00000000ef880000,0x00000000efb00000)
 ParOldGen       total 42496K, used 12501K [0x00000000c2800000, 0x00000000c5180000, 0x00000000eb800000)
  object space 42496K, 29% used [0x00000000c2800000,0x00000000c3435680,0x00000000c5180000)
 Metaspace       used 16385K, capacity 16696K, committed 16896K, reserved 1064960K
  class space    used 1876K, capacity 1986K, committed 2048K, reserved 1048576K
Event: 7,778 GC heap after
Heap after GC invocations=4 (full 0):
 PSYoungGen      total 66048K, used 2536K [0x00000000eb800000, 0x00000000efb00000, 0x0000000100000000)
  eden space 63488K, 0% used [0x00000000eb800000,0x00000000eb800000,0x00000000ef600000)
  from space 2560K, 99% used [0x00000000ef880000,0x00000000efafa338,0x00000000efb00000)
  to   space 2560K, 0% used [0x00000000ef600000,0x00000000ef600000,0x00000000ef880000)
 ParOldGen       total 42496K, used 17618K [0x00000000c2800000, 0x00000000c5180000, 0x00000000eb800000)
  object space 42496K, 41% used [0x00000000c2800000,0x00000000c39349b8,0x00000000c5180000)
 Metaspace       used 16385K, capacity 16696K, committed 16896K, reserved 1064960K
  class space    used 1876K, capacity 1986K, committed 2048K, reserved 1048576K
}
Event: 12,728 GC heap before
{Heap before GC invocations=5 (full 0):
 PSYoungGen      total 66048K, used 66024K [0x00000000eb800000, 0x00000000efb00000, 0x0000000100000000)
  eden space 63488K, 100% used [0x00000000eb800000,0x00000000ef600000,0x00000000ef600000)
  from space 2560K, 99% used [0x00000000ef880000,0x00000000efafa338,0x00000000efb00000)
  to   space 2560K, 0% used [0x00000000ef600000,0x00000000ef600000,0x00000000ef880000)
 ParOldGen       total 42496K, used 17618K [0x00000000c2800000, 0x00000000c5180000, 0x00000000eb800000)
  object space 42496K, 41% used [0x00000000c2800000,0x00000000c39349b8,0x00000000c5180000)
 Metaspace       used 16423K, capacity 16768K, committed 16896K, reserved 1064960K
  class space    used 1877K, capacity 1986K, committed 2048K, reserved 1048576K

